[2026-03-16T12:52:26.585Z] [INFO] Bot started successfully
[2026-03-16T22:42:05.331Z] [INFO] Starting classifier training | {"examplesCount":73}
[2026-03-16T22:42:05.340Z] [INFO] Classifier training completed successfully
[2026-03-16T22:42:05.359Z] [INFO] Bot started successfully
[2026-03-16T22:42:10.230Z] [INFO] Starting classifier training | {"examplesCount":73}
[2026-03-16T22:42:10.243Z] [INFO] Classifier training completed successfully
[2026-03-16T22:42:10.287Z] [INFO] Bot started successfully
[2026-03-16T22:49:25.784Z] [INFO] Starting classifier training | {"examplesCount":73}
[2026-03-16T22:49:25.797Z] [INFO] Classifier training completed successfully
[2026-03-16T22:49:25.817Z] [INFO] Bot started successfully[2026-03-24T07:33:24.235Z] [INFO] Starting classifier training | {"examplesCount":255,"trainSize":204,"testSize":51,"trainRatio":0.8}
[2026-03-24T07:33:24.329Z] [INFO] Classifier training completed successfully
[2026-03-24T07:33:24.337Z] [INFO] Classifier evaluation completed | {"accuracy":0.8823529411764706,"total":51,"correct":45,"trainSize":204,"testSize":51}
[2026-03-24T07:33:24.429Z] [INFO] Bot started successfully
[2026-03-24T13:29:21.804Z] [INFO] Starting classifier training | {"examplesCount":255,"trainSize":204,"testSize":51,"trainRatio":0.8}
[2026-03-24T13:29:21.856Z] [INFO] Classifier training completed successfully
[2026-03-24T13:29:21.864Z] [INFO] Classifier evaluation completed | {"accuracy":0.8823529411764706,"total":51,"correct":45,"trainSize":204,"testSize":51}
[2026-03-24T13:29:21.895Z] [INFO] Bot started successfully
[2026-03-24T15:05:49.892Z] [INFO] Starting classifier training | {"examplesCount":255,"trainSize":204,"testSize":51,"trainRatio":0.8}
[2026-03-24T15:05:49.932Z] [INFO] Classifier training completed successfully
[2026-03-24T15:05:49.940Z] [INFO] Classifier evaluation completed | {"accuracy":0.8823529411764706,"total":51,"correct":45,"trainSize":204,"testSize":51}
[2026-03-24T15:05:50.020Z] [INFO] Bot started successfully
[2026-03-24T15:07:36.783Z] [INFO] Starting classifier training | {"examplesCount":255,"trainSize":204,"testSize":51,"trainRatio":0.8}
[2026-03-24T15:07:36.810Z] [INFO] Classifier training completed successfully
[2026-03-24T15:07:36.815Z] [INFO] Classifier evaluation completed | {"accuracy":0.8823529411764706,"total":51,"correct":45,"trainSize":204,"testSize":51}
[2026-03-24T15:07:36.841Z] [INFO] Bot started successfully
[2026-03-24T15:08:06.750Z] [INFO] Starting classifier training | {"examplesCount":255,"trainSize":204,"testSize":51,"trainRatio":0.8}
[2026-03-24T15:08:06.765Z] [INFO] Classifier training completed successfully
[2026-03-24T15:08:06.769Z] [INFO] Classifier evaluation completed | {"accuracy":0.8823529411764706,"total":51,"correct":45,"trainSize":204,"testSize":51}
[2026-03-24T15:08:06.785Z] [INFO] Bot started successfully
[2026-03-24T15:09:26.167Z] [INFO] Starting classifier training | {"examplesCount":255,"trainSize":204,"testSize":51,"trainRatio":0.8}
[2026-03-24T15:09:26.188Z] [INFO] Classifier training completed successfully
[2026-03-24T15:09:26.192Z] [INFO] Classifier evaluation completed | {"accuracy":0.8823529411764706,"total":51,"correct":45,"trainSize":204,"testSize":51}
[2026-03-24T15:09:26.207Z] [INFO] Bot started successfully
[2026-03-24T15:09:53.295Z] [INFO] Starting classifier training | {"examplesCount":255,"trainSize":204,"testSize":51,"trainRatio":0.8}
[2026-03-24T15:09:53.321Z] [INFO] Classifier training completed successfully
[2026-03-24T15:09:53.326Z] [INFO] Classifier evaluation completed | {"accuracy":0.8823529411764706,"total":51,"correct":45,"trainSize":204,"testSize":51}
[2026-03-24T15:09:53.345Z] [INFO] Bot started successfully
[2026-03-24T15:11:08.076Z] [INFO] Starting classifier training | {"examplesCount":255,"trainSize":204,"testSize":51,"trainRatio":0.8}
[2026-03-24T15:11:08.109Z] [INFO] Classifier training completed successfully
[2026-03-24T15:11:08.116Z] [INFO] Classifier evaluation completed | {"accuracy":0.8823529411764706,"total":51,"correct":45,"trainSize":204,"testSize":51}
[2026-03-24T15:11:08.145Z] [INFO] Bot started successfully
[2026-03-24T15:12:01.838Z] [INFO] Starting classifier training | {"examplesCount":255,"trainSize":204,"testSize":51,"trainRatio":0.8}
[2026-03-24T15:12:01.865Z] [INFO] Classifier training completed successfully
[2026-03-24T15:12:01.871Z] [INFO] Classifier evaluation completed | {"accuracy":0.8823529411764706,"total":51,"correct":45,"trainSize":204,"testSize":51}
[2026-03-24T15:12:01.889Z] [INFO] Bot started successfully
[2026-03-24T15:12:10.032Z] [INFO] Starting classifier training | {"examplesCount":255,"trainSize":204,"testSize":51,"trainRatio":0.8}
[2026-03-24T15:12:10.077Z] [INFO] Classifier training completed successfully
[2026-03-24T15:12:10.086Z] [INFO] Classifier evaluation completed | {"accuracy":0.8823529411764706,"total":51,"correct":45,"trainSize":204,"testSize":51}
[2026-03-24T15:12:10.122Z] [INFO] Bot started successfully
[2026-03-24T15:28:54.931Z] [INFO] Starting classifier training | {"examplesCount":255,"trainSize":204,"testSize":51,"trainRatio":0.8}
[2026-03-24T15:28:54.980Z] [INFO] Classifier training completed successfully
[2026-03-24T15:28:54.988Z] [INFO] Classifier evaluation completed | {"accuracy":0.8823529411764706,"total":51,"correct":45,"trainSize":204,"testSize":51}
[2026-03-24T15:28:55.017Z] [INFO] Bot started successfully
[2026-03-24T15:29:40.546Z] [INFO] Starting classifier training | {"examplesCount":255,"trainSize":204,"testSize":51,"trainRatio":0.8}
[2026-03-24T15:29:40.570Z] [INFO] Classifier training completed successfully
[2026-03-24T15:29:40.575Z] [INFO] Classifier evaluation completed | {"accuracy":0.8823529411764706,"total":51,"correct":45,"trainSize":204,"testSize":51}
[2026-03-24T15:29:40.591Z] [INFO] Bot started successfully
[2026-03-24T15:30:04.159Z] [INFO] Starting classifier training | {"examplesCount":255,"trainSize":204,"testSize":51,"trainRatio":0.8}
[2026-03-24T15:30:04.205Z] [INFO] Classifier training completed successfully
[2026-03-24T15:30:04.211Z] [INFO] Classifier evaluation completed | {"accuracy":0.8823529411764706,"total":51,"correct":45,"trainSize":204,"testSize":51}
[2026-03-24T15:30:04.228Z] [INFO] Bot started successfully
[2026-03-24T15:30:08.966Z] [INFO] Starting classifier training | {"examplesCount":255,"trainSize":204,"testSize":51,"trainRatio":0.8}
[2026-03-24T15:30:09.009Z] [INFO] Classifier training completed successfully
[2026-03-24T15:30:09.016Z] [INFO] Classifier evaluation completed | {"accuracy":0.8823529411764706,"total":51,"correct":45,"trainSize":204,"testSize":51}
[2026-03-24T15:30:09.034Z] [INFO] Bot started successfully
[2026-03-24T15:30:12.879Z] [INFO] Starting classifier training | {"examplesCount":255,"trainSize":204,"testSize":51,"trainRatio":0.8}
[2026-03-24T15:30:12.898Z] [INFO] Classifier training completed successfully
[2026-03-24T15:30:12.903Z] [INFO] Classifier evaluation completed | {"accuracy":0.8823529411764706,"total":51,"correct":45,"trainSize":204,"testSize":51}
[2026-03-24T15:30:12.923Z] [INFO] Bot started successfully
[2026-03-24T15:30:21.915Z] [INFO] Starting classifier training | {"examplesCount":255,"trainSize":204,"testSize":51,"trainRatio":0.8}
[2026-03-24T15:30:21.937Z] [INFO] Classifier training completed successfully
[2026-03-24T15:30:21.942Z] [INFO] Classifier evaluation completed | {"accuracy":0.8823529411764706,"total":51,"correct":45,"trainSize":204,"testSize":51}
[2026-03-24T15:30:21.961Z] [INFO] Bot started successfully
[2026-03-24T15:30:31.027Z] [INFO] Starting classifier training | {"examplesCount":255,"trainSize":204,"testSize":51,"trainRatio":0.8}
[2026-03-24T15:30:31.063Z] [INFO] Classifier training completed successfully
[2026-03-24T15:30:31.068Z] [INFO] Classifier evaluation completed | {"accuracy":0.8823529411764706,"total":51,"correct":45,"trainSize":204,"testSize":51}
[2026-03-24T15:30:31.086Z] [INFO] Bot started successfully
[2026-03-24T15:33:07.633Z] [INFO] Starting classifier training | {"examplesCount":255,"trainSize":204,"testSize":51,"trainRatio":0.8}
[2026-03-24T15:33:07.654Z] [INFO] Classifier training completed successfully
[2026-03-24T15:33:07.660Z] [INFO] Classifier evaluation completed | {"accuracy":0.8823529411764706,"total":51,"correct":45,"trainSize":204,"testSize":51}
[2026-03-24T15:33:07.687Z] [INFO] Bot started successfully
[2026-03-24T15:33:11.357Z] [INFO] Starting classifier training | {"examplesCount":255,"trainSize":204,"testSize":51,"trainRatio":0.8}
[2026-03-24T15:33:11.372Z] [INFO] Classifier training completed successfully
[2026-03-24T15:33:11.375Z] [INFO] Classifier evaluation completed | {"accuracy":0.8823529411764706,"total":51,"correct":45,"trainSize":204,"testSize":51}
[2026-03-24T15:33:11.391Z] [INFO] Bot started successfully
[2026-03-24T15:33:15.538Z] [INFO] Starting classifier training | {"examplesCount":255,"trainSize":204,"testSize":51,"trainRatio":0.8}
[2026-03-24T15:33:15.554Z] [INFO] Classifier training completed successfully
[2026-03-24T15:33:15.558Z] [INFO] Classifier evaluation completed | {"accuracy":0.8823529411764706,"total":51,"correct":45,"trainSize":204,"testSize":51}
[2026-03-24T15:33:15.573Z] [INFO] Bot started successfully
[2026-03-24T15:33:23.968Z] [INFO] Starting classifier training | {"examplesCount":255,"trainSize":204,"testSize":51,"trainRatio":0.8}
[2026-03-24T15:33:24.004Z] [INFO] Classifier training completed successfully
[2026-03-24T15:33:24.020Z] [INFO] Classifier evaluation completed | {"accuracy":0.8823529411764706,"total":51,"correct":45,"trainSize":204,"testSize":51}
[2026-03-24T15:33:24.044Z] [INFO] Bot started successfully
[2026-03-24T15:33:46.248Z] [INFO] Starting classifier training | {"examplesCount":255,"trainSize":204,"testSize":51,"trainRatio":0.8}
[2026-03-24T15:33:46.277Z] [INFO] Classifier training completed successfully
[2026-03-24T15:33:46.281Z] [INFO] Classifier evaluation completed | {"accuracy":0.8823529411764706,"total":51,"correct":45,"trainSize":204,"testSize":51}
[2026-03-24T15:33:46.306Z] [INFO] Bot started successfully
[2026-03-24T15:34:32.098Z] [INFO] Starting classifier training | {"examplesCount":255,"trainSize":204,"testSize":51,"trainRatio":0.8}
[2026-03-24T15:34:32.119Z] [INFO] Classifier training completed successfully
[2026-03-24T15:34:32.123Z] [INFO] Classifier evaluation completed | {"accuracy":0.8823529411764706,"total":51,"correct":45,"trainSize":204,"testSize":51}
[2026-03-24T15:34:32.150Z] [INFO] Bot started successfully
[2026-03-24T15:34:49.069Z] [INFO] Starting classifier training | {"examplesCount":255,"trainSize":204,"testSize":51,"trainRatio":0.8}
[2026-03-24T15:34:49.091Z] [INFO] Classifier training completed successfully
[2026-03-24T15:34:49.095Z] [INFO] Classifier evaluation completed | {"accuracy":0.8823529411764706,"total":51,"correct":45,"trainSize":204,"testSize":51}
[2026-03-24T15:34:49.110Z] [INFO] Bot started successfully
[2026-03-24T17:14:31.628Z] [INFO] Starting classifier training | {"examplesCount":255,"trainSize":204,"testSize":51,"trainRatio":0.8}
[2026-03-24T17:14:31.644Z] [INFO] Classifier training completed successfully
[2026-03-24T17:14:31.651Z] [INFO] Classifier evaluation completed | {"accuracy":0.8823529411764706,"total":51,"correct":45,"trainSize":204,"testSize":51}
[2026-03-24T17:38:12.118Z] [INFO] Starting classifier training | {"examplesCount":255,"trainSize":204,"testSize":51,"trainRatio":0.8}
[2026-03-24T17:38:12.138Z] [INFO] Classifier training completed successfully
[2026-03-24T17:38:12.142Z] [INFO] Classifier evaluation completed | {"accuracy":0.8823529411764706,"total":51,"correct":45,"trainSize":204,"testSize":51}
[2026-03-24T17:38:46.211Z] [INFO] Starting classifier training | {"examplesCount":255,"trainSize":204,"testSize":51,"trainRatio":0.8}
[2026-03-24T17:38:46.228Z] [INFO] Classifier training completed successfully
[2026-03-24T17:38:46.232Z] [INFO] Classifier evaluation completed | {"accuracy":0.8823529411764706,"total":51,"correct":45,"trainSize":204,"testSize":51}
[2026-03-24T17:39:04.878Z] [INFO] Starting classifier training | {"examplesCount":255,"trainSize":204,"testSize":51,"trainRatio":0.8}
[2026-03-24T17:39:04.907Z] [INFO] Classifier training completed successfully
[2026-03-24T17:39:04.915Z] [INFO] Classifier evaluation completed | {"accuracy":0.8823529411764706,"total":51,"correct":45,"trainSize":204,"testSize":51}
[2026-03-24T17:39:51.952Z] [INFO] Starting classifier training | {"examplesCount":255,"trainSize":204,"testSize":51,"trainRatio":0.8}
[2026-03-24T17:39:51.976Z] [INFO] Classifier training completed successfully
[2026-03-24T17:39:51.979Z] [INFO] Classifier evaluation completed | {"accuracy":0.8823529411764706,"total":51,"correct":45,"trainSize":204,"testSize":51}
[2026-03-24T17:40:05.842Z] [INFO] Starting classifier training | {"examplesCount":255,"trainSize":204,"testSize":51,"trainRatio":0.8}
[2026-03-24T17:40:05.871Z] [INFO] Classifier training completed successfully
[2026-03-24T17:40:05.875Z] [INFO] Classifier evaluation completed | {"accuracy":0.8823529411764706,"total":51,"correct":45,"trainSize":204,"testSize":51}
[2026-03-24T17:44:54.040Z] [INFO] Starting classifier training | {"examplesCount":255,"trainSize":204,"testSize":51,"trainRatio":0.8}
[2026-03-24T17:44:54.092Z] [INFO] Classifier training completed successfully
[2026-03-24T17:44:54.095Z] [INFO] Classifier evaluation completed | {"accuracy":0.8823529411764706,"total":51,"correct":45,"trainSize":204,"testSize":51}
[2026-03-24T17:44:54.111Z] [INFO] Bot started successfully
[2026-03-25T10:50:21.086Z] [INFO] Starting classifier training | {"examplesCount":255,"trainSize":204,"testSize":51,"trainRatio":0.8}
[2026-03-25T10:50:21.162Z] [INFO] Classifier training completed successfully
[2026-03-25T10:50:21.180Z] [INFO] Classifier evaluation completed | {"accuracy":0.8823529411764706,"total":51,"correct":45,"trainSize":204,"testSize":51}
[2026-03-25T10:50:21.297Z] [INFO] Bot started successfully
[2026-03-25T11:19:40.715Z] [INFO] Starting classifier training | {"examplesCount":255,"trainSize":204,"testSize":51,"trainRatio":0.8}
[2026-03-25T11:19:40.739Z] [INFO] Classifier training completed successfully
[2026-03-25T11:19:40.745Z] [INFO] Classifier evaluation completed | {"accuracy":0.8823529411764706,"total":51,"correct":45,"trainSize":204,"testSize":51}
[2026-04-10T06:34:27.293Z] [INFO] Starting classifier training | {"examplesCount":255,"trainSize":204,"testSize":51,"trainRatio":0.8}
[2026-04-10T06:34:27.422Z] [INFO] Classifier training completed successfully
[2026-04-10T06:34:27.438Z] [INFO] Classifier evaluation completed | {"accuracy":0.8823529411764706,"total":51,"correct":45,"trainSize":204,"testSize":51}
[2026-04-10T06:34:27.486Z] [INFO] Bot started successfully
[2026-05-12T20:09:33.495Z] [INFO] Starting classifier training | {"examplesCount":255,"feedbackExamples":0,"trainRatio":0.8}
[2026-05-12T20:09:33.583Z] [INFO] Classifier training completed successfully
[2026-05-12T20:09:33.584Z] [INFO] Classifier evaluation completed | {"accuracy":0.8823529411764706,"total":51,"correct":45,"trainSize":204,"testSize":51}
[2026-05-12T20:14:20.249Z] [INFO] Starting classifier training | {"examplesCount":255,"feedbackExamples":0,"trainRatio":0.8}
[2026-05-12T20:14:20.273Z] [INFO] Classifier training completed successfully
[2026-05-12T20:14:20.273Z] [INFO] Classifier evaluation completed | {"accuracy":0.8823529411764706,"total":51,"correct":45,"trainSize":204,"testSize":51}
[2026-05-12T20:14:20.288Z] [INFO] Bot started successfully
[2026-05-12T20:21:34.099Z] [INFO] Starting classifier training | {"examplesCount":255,"feedbackExamples":0,"trainRatio":0.8}
[2026-05-12T20:21:34.123Z] [INFO] Classifier training completed successfully
[2026-05-12T20:21:34.123Z] [INFO] Classifier evaluation completed | {"accuracy":0.8823529411764706,"total":51,"correct":45,"trainSize":204,"testSize":51}
[2026-05-12T20:22:41.255Z] [INFO] Starting classifier training | {"examplesCount":255,"feedbackExamples":0,"trainRatio":0.8}
[2026-05-12T20:22:41.274Z] [INFO] Classifier training completed successfully
[2026-05-12T20:22:41.274Z] [INFO] Classifier evaluation completed | {"accuracy":0.8823529411764706,"total":51,"correct":45,"trainSize":204,"testSize":51}
[2026-05-12T20:22:41.297Z] [INFO] Starting classifier training | {"examplesCount":255,"feedbackExamples":0,"trainRatio":0.8}
[2026-05-12T20:22:41.320Z] [INFO] Classifier training completed successfully
[2026-05-12T20:22:41.321Z] [INFO] Classifier evaluation completed | {"accuracy":0.8823529411764706,"total":51,"correct":45,"trainSize":204,"testSize":51}
[2026-05-12T20:22:41.329Z] [INFO] Retraining classifier (including feedback) | {"examplesCount":256,"feedbackExamples":1}
[2026-05-12T20:22:41.347Z] [INFO] Classifier retrained successfully | {"accuracy":0.8076923076923077,"total":52,"correct":42}
[2026-05-12T20:23:58.128Z] [INFO] Starting classifier training | {"examplesCount":255,"feedbackExamples":0,"trainRatio":0.8}
[2026-05-12T20:23:58.183Z] [INFO] Classifier training completed successfully
[2026-05-12T20:23:58.183Z] [INFO] Classifier evaluation completed | {"accuracy":0.8823529411764706,"total":51,"correct":45,"trainSize":204,"testSize":51}
[2026-05-12T20:23:58.209Z] [INFO] Bot started successfully
[2026-05-12T20:24:14.468Z] [INFO] Retraining classifier (including feedback) | {"examplesCount":256,"feedbackExamples":1}
[2026-05-12T20:24:14.558Z] [INFO] Classifier retrained successfully | {"accuracy":0.8076923076923077,"total":52,"correct":42}
[2026-05-12T20:30:59.083Z] [INFO] Starting classifier training | {"examplesCount":256,"feedbackExamples":1,"trainRatio":0.8}
[2026-05-12T20:30:59.119Z] [INFO] Classifier training completed successfully
[2026-05-12T20:30:59.120Z] [INFO] Classifier evaluation completed | {"accuracy":0.8076923076923077,"total":52,"correct":42,"trainSize":204,"testSize":52}
[2026-05-12T20:30:59.142Z] [INFO] Bot started successfully
[2026-05-12T20:36:47.225Z] [INFO] Starting classifier training | {"examplesCount":256,"feedbackExamples":1,"trainRatio":0.8}
[2026-05-12T20:36:47.239Z] [INFO] Starting classifier training | {"examplesCount":256,"feedbackExamples":1,"trainRatio":0.8}
[2026-05-12T20:36:47.249Z] [INFO] Classifier training completed successfully
[2026-05-12T20:36:47.249Z] [INFO] Classifier evaluation completed | {"accuracy":0.8076923076923077,"total":52,"correct":42,"trainSize":204,"testSize":52}
[2026-05-12T20:36:47.263Z] [INFO] Classifier training completed successfully
[2026-05-12T20:36:47.263Z] [INFO] Classifier evaluation completed | {"accuracy":0.8076923076923077,"total":52,"correct":42,"trainSize":204,"testSize":52}
[2026-05-12T20:36:47.274Z] [INFO] Retraining classifier (including feedback) | {"examplesCount":257,"feedbackExamples":2}
[2026-05-12T20:36:47.292Z] [INFO] Classifier retrained successfully | {"accuracy":0.7884615384615384,"total":52,"correct":41}
[2026-05-12T20:37:53.031Z] [INFO] Starting classifier training | {"examplesCount":256,"feedbackExamples":1,"trainRatio":0.8}
[2026-05-12T20:37:53.054Z] [INFO] Classifier training completed successfully
[2026-05-12T20:37:53.054Z] [INFO] Classifier evaluation completed | {"accuracy":0.8076923076923077,"total":52,"correct":42,"trainSize":204,"testSize":52}
[2026-05-12T20:37:53.070Z] [INFO] Bot started successfully
[2026-05-12T21:08:06.339Z] [INFO] Starting classifier training | {"examplesCount":256,"feedbackExamples":1,"trainRatio":0.8}
[2026-05-12T21:08:06.365Z] [INFO] Classifier training completed successfully
[2026-05-12T21:08:06.365Z] [INFO] Classifier evaluation completed | {"accuracy":0.8076923076923077,"total":52,"correct":42,"trainSize":204,"testSize":52}
[2026-05-12T21:08:06.397Z] [INFO] Bot started successfully
[2026-05-12T21:09:33.368Z] [INFO] Retraining classifier (including feedback) | {"examplesCount":257,"feedbackExamples":2}
[2026-05-12T21:09:33.407Z] [INFO] Classifier retrained successfully | {"accuracy":0.8076923076923077,"total":52,"correct":42}
[2026-05-12T21:14:47.029Z] [INFO] Starting classifier training | {"examplesCount":257,"feedbackExamples":2,"trainRatio":0.8}
[2026-05-12T21:14:47.050Z] [INFO] Classifier training completed successfully
[2026-05-12T21:14:47.050Z] [INFO] Classifier evaluation completed | {"accuracy":0.8076923076923077,"total":52,"correct":42,"trainSize":205,"testSize":52}
[2026-05-12T21:14:47.066Z] [INFO] Bot started successfully
[2026-05-12T21:16:39.597Z] [INFO] Starting classifier training | {"examplesCount":257,"feedbackExamples":2,"trainRatio":0.8}
[2026-05-12T21:16:39.647Z] [INFO] Classifier training completed successfully
[2026-05-12T21:16:39.647Z] [INFO] Classifier evaluation completed | {"accuracy":0.8076923076923077,"total":52,"correct":42,"trainSize":205,"testSize":52}
[2026-05-12T21:16:39.666Z] [INFO] Bot started successfully
[2026-05-12T21:17:56.359Z] [INFO] Starting classifier training | {"examplesCount":257,"feedbackExamples":2,"trainRatio":0.8}
[2026-05-12T21:17:56.396Z] [INFO] Classifier training completed successfully
[2026-05-12T21:17:56.397Z] [INFO] Classifier evaluation completed | {"accuracy":0.8076923076923077,"total":52,"correct":42,"trainSize":205,"testSize":52}
[2026-05-12T21:17:56.428Z] [INFO] Bot started successfully
[2026-05-12T21:32:39.798Z] [INFO] Starting classifier training | {"examplesCount":257,"feedbackExamples":2,"trainRatio":0.8}
[2026-05-12T21:32:39.802Z] [INFO] Starting classifier training | {"examplesCount":257,"feedbackExamples":2,"trainRatio":0.8}
[2026-05-12T21:32:39.804Z] [INFO] Starting classifier training | {"examplesCount":257,"feedbackExamples":2,"trainRatio":0.8}
[2026-05-12T21:32:39.828Z] [INFO] Classifier training completed successfully
[2026-05-12T21:32:39.829Z] [INFO] Classifier evaluation completed | {"accuracy":0.8076923076923077,"total":52,"correct":42,"trainSize":205,"testSize":52}
[2026-05-12T21:32:39.832Z] [INFO] Classifier training completed successfully
[2026-05-12T21:32:39.833Z] [INFO] Classifier evaluation completed | {"accuracy":0.8076923076923077,"total":52,"correct":42,"trainSize":205,"testSize":52}
[2026-05-12T21:32:39.836Z] [INFO] Classifier training completed successfully
[2026-05-12T21:32:39.836Z] [INFO] Classifier evaluation completed | {"accuracy":0.8076923076923077,"total":52,"correct":42,"trainSize":205,"testSize":52}
[2026-05-12T21:32:39.847Z] [INFO] Retraining classifier (including feedback) | {"examplesCount":258,"feedbackExamples":3}
[2026-05-12T21:32:39.866Z] [INFO] Classifier retrained successfully | {"accuracy":0.8269230769230769,"total":52,"correct":43}
[2026-05-12T21:39:11.901Z] [INFO] Starting classifier training | {"examplesCount":257,"feedbackExamples":2,"trainRatio":0.8}
[2026-05-12T21:39:11.924Z] [INFO] Classifier training completed successfully
[2026-05-12T21:39:11.924Z] [INFO] Classifier evaluation completed | {"accuracy":0.8076923076923077,"total":52,"correct":42,"trainSize":205,"testSize":52}
[2026-05-12T21:39:11.937Z] [INFO] Retraining classifier (including feedback) | {"examplesCount":258,"feedbackExamples":3}
[2026-05-12T21:39:11.937Z] [INFO] Starting classifier training | {"examplesCount":257,"feedbackExamples":2,"trainRatio":0.8}
[2026-05-12T21:39:11.955Z] [INFO] Classifier retrained successfully | {"accuracy":0.8269230769230769,"total":52,"correct":43}
[2026-05-12T21:39:11.965Z] [INFO] Classifier training completed successfully
[2026-05-12T21:39:11.966Z] [INFO] Classifier evaluation completed | {"accuracy":0.8076923076923077,"total":52,"correct":42,"trainSize":205,"testSize":52}
[2026-05-12T21:41:32.281Z] [INFO] Starting classifier training | {"examplesCount":257,"feedbackExamples":2,"trainRatio":0.8}
[2026-05-12T21:41:32.282Z] [INFO] Starting classifier training | {"examplesCount":257,"feedbackExamples":2,"trainRatio":0.8}
[2026-05-12T21:41:32.303Z] [INFO] Classifier training completed successfully
[2026-05-12T21:41:32.304Z] [INFO] Classifier evaluation completed | {"accuracy":0.8076923076923077,"total":52,"correct":42,"trainSize":205,"testSize":52}
[2026-05-12T21:41:32.311Z] [INFO] Classifier training completed successfully
[2026-05-12T21:41:32.311Z] [INFO] Classifier evaluation completed | {"accuracy":0.8076923076923077,"total":52,"correct":42,"trainSize":205,"testSize":52}
[2026-05-12T21:41:32.312Z] [INFO] Retraining classifier (including feedback) | {"examplesCount":258,"feedbackExamples":3}
[2026-05-12T21:41:32.332Z] [INFO] Classifier retrained successfully | {"accuracy":0.8269230769230769,"total":52,"correct":43}
[2026-05-12T21:41:32.341Z] [INFO] Starting classifier training | {"examplesCount":257,"feedbackExamples":2,"trainRatio":0.8}
[2026-05-12T21:41:32.371Z] [INFO] Classifier training completed successfully
[2026-05-12T21:41:32.371Z] [INFO] Classifier evaluation completed | {"accuracy":0.8076923076923077,"total":52,"correct":42,"trainSize":205,"testSize":52}
[2026-05-12T21:41:32.380Z] [INFO] Retraining classifier (including feedback) | {"examplesCount":258,"feedbackExamples":3}
[2026-05-12T21:41:32.400Z] [INFO] Classifier retrained successfully | {"accuracy":0.8269230769230769,"total":52,"correct":43}
[2026-05-12T21:42:23.371Z] [INFO] Starting classifier training | {"examplesCount":255,"feedbackExamples":0,"trainRatio":0.8}
[2026-05-12T21:42:23.372Z] [INFO] Starting classifier training | {"examplesCount":255,"feedbackExamples":0,"trainRatio":0.8}
[2026-05-12T21:42:23.384Z] [INFO] Starting classifier training | {"examplesCount":255,"feedbackExamples":0,"trainRatio":0.8}
[2026-05-12T21:42:23.402Z] [INFO] Classifier training completed successfully
[2026-05-12T21:42:23.402Z] [INFO] Classifier evaluation completed | {"accuracy":0.8823529411764706,"total":51,"correct":45,"trainSize":204,"testSize":51}
[2026-05-12T21:42:23.403Z] [INFO] Classifier training completed successfully
[2026-05-12T21:42:23.403Z] [INFO] Classifier evaluation completed | {"accuracy":0.8823529411764706,"total":51,"correct":45,"trainSize":204,"testSize":51}
[2026-05-12T21:42:23.411Z] [INFO] Classifier training completed successfully
[2026-05-12T21:42:23.411Z] [INFO] Classifier evaluation completed | {"accuracy":0.8823529411764706,"total":51,"correct":45,"trainSize":204,"testSize":51}
[2026-05-12T21:42:23.413Z] [INFO] Retraining classifier (including feedback) | {"examplesCount":256,"feedbackExamples":1}
[2026-05-12T21:42:23.414Z] [INFO] Retraining classifier (including feedback) | {"examplesCount":256,"feedbackExamples":1}
[2026-05-12T21:42:23.436Z] [INFO] Classifier retrained successfully | {"accuracy":0.8076923076923077,"total":52,"correct":42}
[2026-05-12T21:42:23.437Z] [INFO] Classifier retrained successfully | {"accuracy":0.8076923076923077,"total":52,"correct":42}
[2026-05-12T21:42:23.481Z] [INFO] Starting classifier training | {"examplesCount":257,"feedbackExamples":2,"trainRatio":0.8}
[2026-05-12T21:42:23.519Z] [INFO] Classifier training completed successfully
[2026-05-12T21:42:23.519Z] [INFO] Classifier evaluation completed | {"accuracy":0.8076923076923077,"total":52,"correct":42,"trainSize":205,"testSize":52}
[2026-05-12T21:42:23.522Z] [INFO] Retraining classifier (including feedback) | {"examplesCount":258,"feedbackExamples":3}
[2026-05-12T21:42:23.555Z] [INFO] Classifier retrained successfully | {"accuracy":0.8269230769230769,"total":52,"correct":43}
[2026-05-12T22:09:10.070Z] [INFO] Starting classifier training | {"examplesCount":255,"feedbackExamples":0,"trainRatio":0.8}
[2026-05-12T22:09:10.111Z] [INFO] Classifier training completed successfully
[2026-05-12T22:09:10.112Z] [INFO] Classifier evaluation completed | {"accuracy":0.8823529411764706,"total":51,"correct":45,"trainSize":204,"testSize":51}
[2026-05-12T22:09:10.128Z] [INFO] Bot started successfully
[2026-05-12T22:09:58.719Z] [INFO] Retraining classifier (including feedback) | {"examplesCount":256,"feedbackExamples":1}
[2026-05-12T22:09:58.805Z] [INFO] Classifier retrained successfully | {"accuracy":0.8076923076923077,"total":52,"correct":42}
[2026-05-12T22:12:55.664Z] [INFO] Retraining classifier (including feedback) | {"examplesCount":257,"feedbackExamples":2}
[2026-05-12T22:12:55.740Z] [INFO] Classifier retrained successfully | {"accuracy":0.7884615384615384,"total":52,"correct":41}
[2026-05-12T22:13:36.320Z] [INFO] Starting classifier training | {"examplesCount":255,"feedbackExamples":0,"trainRatio":0.8}
[2026-05-12T22:13:36.345Z] [INFO] Classifier training completed successfully
[2026-05-12T22:13:36.346Z] [INFO] Classifier evaluation completed | {"accuracy":0.8823529411764706,"total":51,"correct":45,"trainSize":204,"testSize":51}
[2026-05-12T22:13:36.365Z] [INFO] Bot started successfully
